app/build/intermediates/manifest_merge_blame_file/debug/manifest-merger-blame-debug-report.txt
1<?xml version="1.0" encoding="utf-8"?>
2<manifest xmlns:android="http://schemas.android.com/apk/res/android"
3    package="com.example.medicult"
4    android:versionCode="1"
5    android:versionName="1.0" >
6
7    <uses-sdk
8        android:minSdkVersion="24"
9        android:targetSdkVersion="34" />
10
11    <uses-permission android:name="android.permission.GET_ACCOUNTS" />
11-->src/main/AndroidManifest.xml:3:5-71
11-->src/main/AndroidManifest.xml:3:22-68
12    <uses-permission android:name="android.permission.READ_PROFILE" />
12-->src/main/AndroidManifest.xml:4:5-71
12-->src/main/AndroidManifest.xml:4:22-68
13    <uses-permission android:name="android.permission.READ_CONTACTS" />
13-->src/main/AndroidManifest.xml:5:5-72
13-->src/main/AndroidManifest.xml:5:22-69
14    <uses-permission android:name="android.permission.ACCESS_FINE_LOCATION" />
14-->src/main/AndroidManifest.xml:7:5-79
14-->src/main/AndroidManifest.xml:7:22-76
15    <uses-permission android:name="android.permission.ACCESS_COARSE_LOCATION" />
15-->src/main/AndroidManifest.xml:8:5-81
15-->src/main/AndroidManifest.xml:8:22-78
16    <uses-permission android:name="android.permission.INTERNET" />
16-->src/main/AndroidManifest.xml:9:5-67
16-->src/main/AndroidManifest.xml:9:22-64
17    <uses-permission android:name="android.permission.READ_EXTERNAL_STORAGE" />
17-->src/main/AndroidManifest.xml:10:5-80
17-->src/main/AndroidManifest.xml:10:22-77
18    <uses-permission android:name="android.permission.ACCESS_NETWORK_STATE" />
18-->[com.firebaseui:firebase-ui-auth:7.2.0] AndroidManifest.xml:12:5-79
18-->[com.firebaseui:firebase-ui-auth:7.2.0] AndroidManifest.xml:12:22-76
19
20    <uses-feature
20-->[com.google.android.gms:play-services-maps:18.2.0] AndroidManifest.xml:26:5-28:35
21        android:glEsVersion="0x00020000"
21-->[com.google.android.gms:play-services-maps:18.2.0] AndroidManifest.xml:27:9-41
22        android:required="true" />
22-->[com.google.android.gms:play-services-maps:18.2.0] AndroidManifest.xml:28:9-32
23
24    <queries>
24-->[com.google.android.gms:play-services-maps:18.2.0] AndroidManifest.xml:30:5-34:15
25
26        <!-- Needs to be explicitly declared on Android R+ -->
27        <package android:name="com.google.android.apps.maps" />
27-->[com.google.android.gms:play-services-maps:18.2.0] AndroidManifest.xml:33:9-64
27-->[com.google.android.gms:play-services-maps:18.2.0] AndroidManifest.xml:33:18-61
28    </queries>
29
30    <uses-permission android:name="android.permission.POST_NOTIFICATIONS" />
30-->[com.google.firebase:firebase-messaging:24.0.0] AndroidManifest.xml:23:5-77
30-->[com.google.firebase:firebase-messaging:24.0.0] AndroidManifest.xml:23:22-74
31    <uses-permission android:name="android.permission.WAKE_LOCK" /> <!-- Required by older versions of Google Play services to create IID tokens -->
31-->[com.google.firebase:firebase-messaging:24.0.0] AndroidManifest.xml:24:5-68
31-->[com.google.firebase:firebase-messaging:24.0.0] AndroidManifest.xml:24:22-65
32    <uses-permission android:name="com.google.android.c2dm.permission.RECEIVE" />
32-->[com.google.firebase:firebase-messaging:24.0.0] AndroidManifest.xml:26:5-82
32-->[com.google.firebase:firebase-messaging:24.0.0] AndroidManifest.xml:26:22-79
33    <uses-permission android:name="com.google.android.providers.gsf.permission.READ_GSERVICES" />
33-->[com.google.android.recaptcha:recaptcha:18.4.0] AndroidManifest.xml:9:5-98
33-->[com.google.android.recaptcha:recaptcha:18.4.0] AndroidManifest.xml:9:22-95
34    <uses-permission android:name="com.google.android.gms.permission.AD_ID" />
34-->[com.google.android.gms:play-services-measurement-api:22.0.0] AndroidManifest.xml:25:5-79
34-->[com.google.android.gms:play-services-measurement-api:22.0.0] AndroidManifest.xml:25:22-76
35    <uses-permission android:name="android.permission.ACCESS_ADSERVICES_ATTRIBUTION" />
35-->[com.google.android.gms:play-services-measurement-api:22.0.0] AndroidManifest.xml:26:5-88
35-->[com.google.android.gms:play-services-measurement-api:22.0.0] AndroidManifest.xml:26:22-85
36    <uses-permission android:name="android.permission.ACCESS_ADSERVICES_AD_ID" />
36-->[com.google.android.gms:play-services-measurement-api:22.0.0] AndroidManifest.xml:27:5-82
36-->[com.google.android.gms:play-services-measurement-api:22.0.0] AndroidManifest.xml:27:22-79
37    <uses-permission android:name="com.google.android.finsky.permission.BIND_GET_INSTALL_REFERRER_SERVICE" />
37-->[com.google.android.gms:play-services-measurement:22.0.0] AndroidManifest.xml:26:5-110
37-->[com.google.android.gms:play-services-measurement:22.0.0] AndroidManifest.xml:26:22-107
38
39    <permission
39-->[androidx.core:core:1.13.1] AndroidManifest.xml:22:5-24:47
40        android:name="com.example.medicult.DYNAMIC_RECEIVER_NOT_EXPORTED_PERMISSION"
40-->[androidx.core:core:1.13.1] AndroidManifest.xml:23:9-81
41        android:protectionLevel="signature" />
41-->[androidx.core:core:1.13.1] AndroidManifest.xml:24:9-44
42
43    <uses-permission android:name="com.example.medicult.DYNAMIC_RECEIVER_NOT_EXPORTED_PERMISSION" />
43-->[androidx.core:core:1.13.1] AndroidManifest.xml:26:5-97
43-->[androidx.core:core:1.13.1] AndroidManifest.xml:26:22-94
44
45    <application
45-->src/main/AndroidManifest.xml:12:5-59:19
46        android:allowBackup="true"
46-->src/main/AndroidManifest.xml:13:9-35
47        android:appComponentFactory="androidx.core.app.CoreComponentFactory"
47-->[androidx.core:core:1.13.1] AndroidManifest.xml:28:18-86
48        android:debuggable="true"
49        android:extractNativeLibs="false"
50        android:icon="@mipmap/ic_launcher"
50-->src/main/AndroidManifest.xml:14:9-43
51        android:label="@string/app_name"
51-->src/main/AndroidManifest.xml:15:9-41
52        android:roundIcon="@mipmap/ic_launcher_round"
52-->src/main/AndroidManifest.xml:16:9-54
53        android:supportsRtl="true"
53-->src/main/AndroidManifest.xml:17:9-35
54        android:theme="@style/AppTheme" >
54-->src/main/AndroidManifest.xml:18:9-40
55        <activity android:name="com.example.medicult.ResetPasswordActivity" />
55-->src/main/AndroidManifest.xml:19:9-79
55-->src/main/AndroidManifest.xml:19:19-76
56        <activity android:name="com.example.medicult.CustomerRegistration" />
56-->src/main/AndroidManifest.xml:20:9-78
56-->src/main/AndroidManifest.xml:20:19-75
57        <activity android:name="com.example.medicult.DriverSignup" />
57-->src/main/AndroidManifest.xml:21:9-70
57-->src/main/AndroidManifest.xml:21:19-67
58        <activity android:name="com.example.medicult.CustomerSignup" />
58-->src/main/AndroidManifest.xml:22:9-72
58-->src/main/AndroidManifest.xml:22:19-69
59
60        <service
60-->src/main/AndroidManifest.xml:24:9-26:44
61            android:name="com.example.medicult.onAppKilled"
61-->src/main/AndroidManifest.xml:25:13-60
62            android:stopWithTask="false" />
62-->src/main/AndroidManifest.xml:26:13-41
63
64        <activity
64-->src/main/AndroidManifest.xml:28:9-37:20
65            android:name="com.example.medicult.Welcome_Activity"
65-->src/main/AndroidManifest.xml:28:19-71
66            android:exported="true" >
66-->src/main/AndroidManifest.xml:29:13-36
67            <intent-filter>
67-->src/main/AndroidManifest.xml:31:13-36:29
68                <action android:name="android.intent.action.MAIN" />
68-->src/main/AndroidManifest.xml:32:17-69
68-->src/main/AndroidManifest.xml:32:25-66
69                <action android:name="android.intent.action.VIEW" />
69-->src/main/AndroidManifest.xml:33:17-69
69-->src/main/AndroidManifest.xml:33:25-66
70
71                <category android:name="android.intent.category.LAUNCHER" />
71-->src/main/AndroidManifest.xml:35:17-77
71-->src/main/AndroidManifest.xml:35:27-74
72            </intent-filter>
73        </activity>
74        <activity
74-->src/main/AndroidManifest.xml:38:9-40:69
75            android:name="com.example.medicult.CustomerLoginActivity"
75-->src/main/AndroidManifest.xml:39:13-70
76            android:label="@string/title_activity_customer_login" />
76-->src/main/AndroidManifest.xml:40:13-66
77        <activity
77-->src/main/AndroidManifest.xml:41:9-43:67
78            android:name="com.example.medicult.DriverLoginActivity"
78-->src/main/AndroidManifest.xml:42:13-68
79            android:label="@string/title_activity_driver_login" />
79-->src/main/AndroidManifest.xml:43:13-64
80
81        <meta-data
81-->src/main/AndroidManifest.xml:45:9-47:55
82            android:name="com.google.android.geo.API_KEY"
82-->src/main/AndroidManifest.xml:46:13-58
83            android:value="@string/google_maps_key" />
83-->src/main/AndroidManifest.xml:47:13-52
84
85        <activity
85-->src/main/AndroidManifest.xml:49:9-51:65
86            android:name="com.example.medicult.DriverMapActivity"
86-->src/main/AndroidManifest.xml:50:13-66
87            android:label="@string/title_activity_driver_map" />
87-->src/main/AndroidManifest.xml:51:13-62
88        <activity
88-->src/main/AndroidManifest.xml:52:9-54:67
89            android:name="com.example.medicult.CustomerMapActivity"
89-->src/main/AndroidManifest.xml:53:13-68
90            android:label="@string/title_activity_customer_map" />
90-->src/main/AndroidManifest.xml:54:13-64
91        <activity android:name="com.example.medicult.DriverSettingActivity" />
91-->src/main/AndroidManifest.xml:55:9-79
91-->src/main/AndroidManifest.xml:55:19-76
92        <activity android:name="com.example.medicult.CustomerSettingsActivity" />
92-->src/main/AndroidManifest.xml:56:9-82
92-->src/main/AndroidManifest.xml:56:19-79
93        <activity android:name="com.example.medicult.HistorySingleActivity" />
93-->src/main/AndroidManifest.xml:57:9-79
93-->src/main/AndroidManifest.xml:57:19-76
94        <activity android:name="com.example.medicult.HistoryActivity" />
94-->src/main/AndroidManifest.xml:58:9-73
94-->src/main/AndroidManifest.xml:58:19-70
95
96        <meta-data
96-->[com.firebaseui:firebase-ui-auth:7.2.0] AndroidManifest.xml:16:9-18:69
97            android:name="com.google.android.gms.version"
97-->[com.firebaseui:firebase-ui-auth:7.2.0] AndroidManifest.xml:17:13-58
98            android:value="@integer/google_play_services_version" />
98-->[com.firebaseui:firebase-ui-auth:7.2.0] AndroidManifest.xml:18:13-66
99        <meta-data
99-->[com.firebaseui:firebase-ui-auth:7.2.0] AndroidManifest.xml:19:9-21:63
100            android:name="com.facebook.sdk.ApplicationId"
100-->[com.firebaseui:firebase-ui-auth:7.2.0] AndroidManifest.xml:20:13-58
101            android:value="@string/facebook_application_id" />
101-->[com.firebaseui:firebase-ui-auth:7.2.0] AndroidManifest.xml:21:13-60
102
103        <activity
103-->[com.firebaseui:firebase-ui-auth:7.2.0] AndroidManifest.xml:23:9-27:61
104            android:name="com.firebase.ui.auth.KickoffActivity"
104-->[com.firebaseui:firebase-ui-auth:7.2.0] AndroidManifest.xml:24:13-64
105            android:exported="false"
105-->[com.firebaseui:firebase-ui-auth:7.2.0] AndroidManifest.xml:25:13-37
106            android:label=""
106-->[com.firebaseui:firebase-ui-auth:7.2.0] AndroidManifest.xml:26:13-29
107            android:theme="@style/FirebaseUI.Transparent" />
107-->[com.firebaseui:firebase-ui-auth:7.2.0] AndroidManifest.xml:27:13-58
108        <activity
108-->[com.firebaseui:firebase-ui-auth:7.2.0] AndroidManifest.xml:28:9-32:61
109            android:name="com.firebase.ui.auth.ui.idp.SingleSignInActivity"
109-->[com.firebaseui:firebase-ui-auth:7.2.0] AndroidManifest.xml:29:13-76
110            android:exported="false"
110-->[com.firebaseui:firebase-ui-auth:7.2.0] AndroidManifest.xml:30:13-37
111            android:label=""
111-->[com.firebaseui:firebase-ui-auth:7.2.0] AndroidManifest.xml:31:13-29
112            android:theme="@style/FirebaseUI.Transparent" />
112-->[com.firebaseui:firebase-ui-auth:7.2.0] AndroidManifest.xml:32:13-58
113        <activity
113-->[com.firebaseui:firebase-ui-auth:7.2.0] AndroidManifest.xml:33:9-37:61
114            android:name="com.firebase.ui.auth.ui.credentials.CredentialSaveActivity"
114-->[com.firebaseui:firebase-ui-auth:7.2.0] AndroidManifest.xml:34:13-86
115            android:exported="false"
115-->[com.firebaseui:firebase-ui-auth:7.2.0] AndroidManifest.xml:35:13-37
116            android:label=""
116-->[com.firebaseui:firebase-ui-auth:7.2.0] AndroidManifest.xml:36:13-29
117            android:theme="@style/FirebaseUI.Transparent" />
117-->[com.firebaseui:firebase-ui-auth:7.2.0] AndroidManifest.xml:37:13-58
118        <activity
118-->[com.firebaseui:firebase-ui-auth:7.2.0] AndroidManifest.xml:38:9-42:58
119            android:name="com.firebase.ui.auth.ui.email.RecoverPasswordActivity"
119-->[com.firebaseui:firebase-ui-auth:7.2.0] AndroidManifest.xml:39:13-81
120            android:exported="false"
120-->[com.firebaseui:firebase-ui-auth:7.2.0] AndroidManifest.xml:40:13-37
121            android:label="@string/fui_title_recover_password_activity"
121-->[com.firebaseui:firebase-ui-auth:7.2.0] AndroidManifest.xml:41:13-72
122            android:windowSoftInputMode="adjustResize" />
122-->[com.firebaseui:firebase-ui-auth:7.2.0] AndroidManifest.xml:42:13-55
123        <activity
123-->[com.firebaseui:firebase-ui-auth:7.2.0] AndroidManifest.xml:43:9-47:58
124            android:name="com.firebase.ui.auth.ui.email.EmailActivity"
124-->[com.firebaseui:firebase-ui-auth:7.2.0] AndroidManifest.xml:44:13-71
125            android:exported="false"
125-->[com.firebaseui:firebase-ui-auth:7.2.0] AndroidManifest.xml:45:13-37
126            android:label="@string/fui_sign_in_default"
126-->[com.firebaseui:firebase-ui-auth:7.2.0] AndroidManifest.xml:46:13-56
127            android:windowSoftInputMode="adjustResize" />
127-->[com.firebaseui:firebase-ui-auth:7.2.0] AndroidManifest.xml:47:13-55
128        <activity
128-->[com.firebaseui:firebase-ui-auth:7.2.0] AndroidManifest.xml:48:9-52:77
129            android:name="com.firebase.ui.auth.ui.phone.PhoneActivity"
129-->[com.firebaseui:firebase-ui-auth:7.2.0] AndroidManifest.xml:49:13-71
130            android:exported="false"
130-->[com.firebaseui:firebase-ui-auth:7.2.0] AndroidManifest.xml:50:13-37
131            android:label="@string/fui_sign_in_with_phone_number"
131-->[com.firebaseui:firebase-ui-auth:7.2.0] AndroidManifest.xml:51:13-66
132            android:windowSoftInputMode="adjustResize|stateAlwaysVisible" />
132-->[com.firebaseui:firebase-ui-auth:7.2.0] AndroidManifest.xml:52:13-74
133        <activity
133-->[com.firebaseui:firebase-ui-auth:7.2.0] AndroidManifest.xml:53:9-57:58
134            android:name="com.firebase.ui.auth.ui.idp.WelcomeBackIdpPrompt"
134-->[com.firebaseui:firebase-ui-auth:7.2.0] AndroidManifest.xml:54:13-76
135            android:exported="false"
135-->[com.firebaseui:firebase-ui-auth:7.2.0] AndroidManifest.xml:55:13-37
136            android:label="@string/fui_title_welcome_back_idp_prompt"
136-->[com.firebaseui:firebase-ui-auth:7.2.0] AndroidManifest.xml:56:13-70
137            android:windowSoftInputMode="adjustResize" />
137-->[com.firebaseui:firebase-ui-auth:7.2.0] AndroidManifest.xml:57:13-55
138        <activity
138-->[com.firebaseui:firebase-ui-auth:7.2.0] AndroidManifest.xml:58:9-62:58
139            android:name="com.firebase.ui.auth.ui.email.WelcomeBackPasswordPrompt"
139-->[com.firebaseui:firebase-ui-auth:7.2.0] AndroidManifest.xml:59:13-83
140            android:exported="false"
140-->[com.firebaseui:firebase-ui-auth:7.2.0] AndroidManifest.xml:60:13-37
141            android:label="@string/fui_title_welcome_back_password_prompt"
141-->[com.firebaseui:firebase-ui-auth:7.2.0] AndroidManifest.xml:61:13-75
142            android:windowSoftInputMode="adjustResize" />
142-->[com.firebaseui:firebase-ui-auth:7.2.0] AndroidManifest.xml:62:13-55
143        <activity
143-->[com.firebaseui:firebase-ui-auth:7.2.0] AndroidManifest.xml:63:9-67:58
144            android:name="com.firebase.ui.auth.ui.email.WelcomeBackEmailLinkPrompt"
144-->[com.firebaseui:firebase-ui-auth:7.2.0] AndroidManifest.xml:64:13-84
145            android:exported="false"
145-->[com.firebaseui:firebase-ui-auth:7.2.0] AndroidManifest.xml:65:13-37
146            android:label="@string/fui_title_welcome_back_password_prompt"
146-->[com.firebaseui:firebase-ui-auth:7.2.0] AndroidManifest.xml:66:13-75
147            android:windowSoftInputMode="adjustResize" />
147-->[com.firebaseui:firebase-ui-auth:7.2.0] AndroidManifest.xml:67:13-55
148        <activity
148-->[com.firebaseui:firebase-ui-auth:7.2.0] AndroidManifest.xml:68:9-73:58
149            android:name="com.firebase.ui.auth.ui.email.EmailLinkCatcherActivity"
149-->[com.firebaseui:firebase-ui-auth:7.2.0] AndroidManifest.xml:69:13-82
150            android:exported="false"
150-->[com.firebaseui:firebase-ui-auth:7.2.0] AndroidManifest.xml:70:13-37
151            android:label=""
151-->[com.firebaseui:firebase-ui-auth:7.2.0] AndroidManifest.xml:71:13-29
152            android:theme="@style/FirebaseUI.Transparent"
152-->[com.firebaseui:firebase-ui-auth:7.2.0] AndroidManifest.xml:72:13-58
153            android:windowSoftInputMode="adjustResize" />
153-->[com.firebaseui:firebase-ui-auth:7.2.0] AndroidManifest.xml:73:13-55
154        <activity
154-->[com.firebaseui:firebase-ui-auth:7.2.0] AndroidManifest.xml:74:9-78:58
155            android:name="com.firebase.ui.auth.ui.email.EmailLinkErrorRecoveryActivity"
155-->[com.firebaseui:firebase-ui-auth:7.2.0] AndroidManifest.xml:75:13-88
156            android:exported="false"
156-->[com.firebaseui:firebase-ui-auth:7.2.0] AndroidManifest.xml:76:13-37
157            android:label="@string/fui_sign_in_default"
157-->[com.firebaseui:firebase-ui-auth:7.2.0] AndroidManifest.xml:77:13-56
158            android:windowSoftInputMode="adjustResize" />
158-->[com.firebaseui:firebase-ui-auth:7.2.0] AndroidManifest.xml:78:13-55
159        <activity
159-->[com.firebaseui:firebase-ui-auth:7.2.0] AndroidManifest.xml:79:9-82:65
160            android:name="com.firebase.ui.auth.ui.idp.AuthMethodPickerActivity"
160-->[com.firebaseui:firebase-ui-auth:7.2.0] AndroidManifest.xml:80:13-80
161            android:exported="false"
161-->[com.firebaseui:firebase-ui-auth:7.2.0] AndroidManifest.xml:81:13-37
162            android:label="@string/fui_default_toolbar_title" />
162-->[com.firebaseui:firebase-ui-auth:7.2.0] AndroidManifest.xml:82:13-62
163        <activity
163-->[com.firebaseui:firebase-ui-auth:7.2.0] AndroidManifest.xml:83:9-87:48
164            android:name="com.facebook.FacebookActivity"
164-->[com.firebaseui:firebase-ui-auth:7.2.0] AndroidManifest.xml:84:13-57
165            android:configChanges="keyboard|keyboardHidden|screenLayout|screenSize|orientation"
165-->[com.firebaseui:firebase-ui-auth:7.2.0] AndroidManifest.xml:85:13-96
166            android:label="@string/app_name" />
166-->[com.firebaseui:firebase-ui-auth:7.2.0] AndroidManifest.xml:86:13-45
167        <activity
167-->[com.firebaseui:firebase-ui-auth:7.2.0] AndroidManifest.xml:88:9-100:20
168            android:name="com.facebook.CustomTabActivity"
168-->[com.firebaseui:firebase-ui-auth:7.2.0] AndroidManifest.xml:89:13-58
169            android:exported="true" >
169-->[com.firebaseui:firebase-ui-auth:7.2.0] AndroidManifest.xml:90:13-36
170            <intent-filter>
170-->[com.firebaseui:firebase-ui-auth:7.2.0] AndroidManifest.xml:92:13-99:29
171                <action android:name="android.intent.action.VIEW" />
171-->src/main/AndroidManifest.xml:33:17-69
171-->src/main/AndroidManifest.xml:33:25-66
172
173                <category android:name="android.intent.category.DEFAULT" />
173-->[com.firebaseui:firebase-ui-auth:7.2.0] AndroidManifest.xml:95:17-76
173-->[com.firebaseui:firebase-ui-auth:7.2.0] AndroidManifest.xml:95:27-73
174                <category android:name="android.intent.category.BROWSABLE" />
174-->[com.firebaseui:firebase-ui-auth:7.2.0] AndroidManifest.xml:96:17-78
174-->[com.firebaseui:firebase-ui-auth:7.2.0] AndroidManifest.xml:96:27-75
175
176                <data android:scheme="@string/facebook_login_protocol_scheme" />
176-->[com.firebaseui:firebase-ui-auth:7.2.0] AndroidManifest.xml:98:17-81
176-->[com.firebaseui:firebase-ui-auth:7.2.0] AndroidManifest.xml:98:23-78
177            </intent-filter>
178        </activity>
179
180        <provider
180-->[com.firebaseui:firebase-ui-auth:7.2.0] AndroidManifest.xml:102:9-106:38
181            android:name="com.firebase.ui.auth.data.client.AuthUiInitProvider"
181-->[com.firebaseui:firebase-ui-auth:7.2.0] AndroidManifest.xml:103:13-79
182            android:authorities="com.example.medicult.authuiinitprovider"
182-->[com.firebaseui:firebase-ui-auth:7.2.0] AndroidManifest.xml:104:13-70
183            android:exported="false"
183-->[com.firebaseui:firebase-ui-auth:7.2.0] AndroidManifest.xml:105:13-37
184            android:initOrder="90" />
184-->[com.firebaseui:firebase-ui-auth:7.2.0] AndroidManifest.xml:106:13-35
185
186        <service
186-->[com.google.firebase:firebase-database:21.0.0] AndroidManifest.xml:26:9-35:19
187            android:name="com.google.firebase.components.ComponentDiscoveryService"
187-->[com.google.firebase:firebase-database:21.0.0] AndroidManifest.xml:27:13-84
188            android:directBootAware="true"
188-->[com.google.firebase:firebase-common:21.0.0] AndroidManifest.xml:32:13-43
189            android:exported="false" >
189-->[com.google.firebase:firebase-database:21.0.0] AndroidManifest.xml:28:13-37
190            <meta-data
190-->[com.google.firebase:firebase-database:21.0.0] AndroidManifest.xml:29:13-31:85
191                android:name="com.google.firebase.components:com.google.firebase.database.FirebaseDatabaseKtxRegistrar"
191-->[com.google.firebase:firebase-database:21.0.0] AndroidManifest.xml:30:17-120
192                android:value="com.google.firebase.components.ComponentRegistrar" />
192-->[com.google.firebase:firebase-database:21.0.0] AndroidManifest.xml:31:17-82
193            <meta-data
193-->[com.google.firebase:firebase-database:21.0.0] AndroidManifest.xml:32:13-34:85
194                android:name="com.google.firebase.components:com.google.firebase.database.DatabaseRegistrar"
194-->[com.google.firebase:firebase-database:21.0.0] AndroidManifest.xml:33:17-109
195                android:value="com.google.firebase.components.ComponentRegistrar" />
195-->[com.google.firebase:firebase-database:21.0.0] AndroidManifest.xml:34:17-82
196            <meta-data
196-->[com.google.firebase:firebase-firestore:25.0.0] AndroidManifest.xml:17:13-19:85
197                android:name="com.google.firebase.components:com.google.firebase.firestore.FirebaseFirestoreKtxRegistrar"
197-->[com.google.firebase:firebase-firestore:25.0.0] AndroidManifest.xml:18:17-122
198                android:value="com.google.firebase.components.ComponentRegistrar" />
198-->[com.google.firebase:firebase-firestore:25.0.0] AndroidManifest.xml:19:17-82
199            <meta-data
199-->[com.google.firebase:firebase-firestore:25.0.0] AndroidManifest.xml:20:13-22:85
200                android:name="com.google.firebase.components:com.google.firebase.firestore.FirestoreRegistrar"
200-->[com.google.firebase:firebase-firestore:25.0.0] AndroidManifest.xml:21:17-111
201                android:value="com.google.firebase.components.ComponentRegistrar" />
201-->[com.google.firebase:firebase-firestore:25.0.0] AndroidManifest.xml:22:17-82
202            <meta-data
202-->[com.google.firebase:firebase-messaging:24.0.0] AndroidManifest.xml:57:13-59:85
203                android:name="com.google.firebase.components:com.google.firebase.messaging.FirebaseMessagingKtxRegistrar"
203-->[com.google.firebase:firebase-messaging:24.0.0] AndroidManifest.xml:58:17-122
204                android:value="com.google.firebase.components.ComponentRegistrar" />
204-->[com.google.firebase:firebase-messaging:24.0.0] AndroidManifest.xml:59:17-82
205            <meta-data
205-->[com.google.firebase:firebase-messaging:24.0.0] AndroidManifest.xml:60:13-62:85
206                android:name="com.google.firebase.components:com.google.firebase.messaging.FirebaseMessagingRegistrar"
206-->[com.google.firebase:firebase-messaging:24.0.0] AndroidManifest.xml:61:17-119
207                android:value="com.google.firebase.components.ComponentRegistrar" />
207-->[com.google.firebase:firebase-messaging:24.0.0] AndroidManifest.xml:62:17-82
208            <meta-data
208-->[com.google.firebase:firebase-storage:21.0.0] AndroidManifest.xml:30:13-32:85
209                android:name="com.google.firebase.components:com.google.firebase.storage.FirebaseStorageKtxRegistrar"
209-->[com.google.firebase:firebase-storage:21.0.0] AndroidManifest.xml:31:17-118
210                android:value="com.google.firebase.components.ComponentRegistrar" />
210-->[com.google.firebase:firebase-storage:21.0.0] AndroidManifest.xml:32:17-82
211            <meta-data
211-->[com.google.firebase:firebase-storage:21.0.0] AndroidManifest.xml:33:13-35:85
212                android:name="com.google.firebase.components:com.google.firebase.storage.StorageRegistrar"
212-->[com.google.firebase:firebase-storage:21.0.0] AndroidManifest.xml:34:17-107
213                android:value="com.google.firebase.components.ComponentRegistrar" />
213-->[com.google.firebase:firebase-storage:21.0.0] AndroidManifest.xml:35:17-82
214            <meta-data
214-->[com.google.firebase:firebase-auth:23.0.0] AndroidManifest.xml:69:13-71:85
215                android:name="com.google.firebase.components:com.google.firebase.auth.FirebaseAuthRegistrar"
215-->[com.google.firebase:firebase-auth:23.0.0] AndroidManifest.xml:70:17-109
216                android:value="com.google.firebase.components.ComponentRegistrar" />
216-->[com.google.firebase:firebase-auth:23.0.0] AndroidManifest.xml:71:17-82
217            <meta-data
217-->[com.google.firebase:firebase-appcheck:17.1.0] AndroidManifest.xml:25:13-27:85
218                android:name="com.google.firebase.components:com.google.firebase.appcheck.FirebaseAppCheckKtxRegistrar"
218-->[com.google.firebase:firebase-appcheck:17.1.0] AndroidManifest.xml:26:17-120
219                android:value="com.google.firebase.components.ComponentRegistrar" />
219-->[com.google.firebase:firebase-appcheck:17.1.0] AndroidManifest.xml:27:17-82
220            <meta-data
220-->[com.google.firebase:firebase-appcheck:17.1.0] AndroidManifest.xml:28:13-30:85
221                android:name="com.google.firebase.components:com.google.firebase.appcheck.FirebaseAppCheckRegistrar"
221-->[com.google.firebase:firebase-appcheck:17.1.0] AndroidManifest.xml:29:17-117
222                android:value="com.google.firebase.components.ComponentRegistrar" />
222-->[com.google.firebase:firebase-appcheck:17.1.0] AndroidManifest.xml:30:17-82
223            <meta-data
223-->[com.google.firebase:firebase-config:22.0.0] AndroidManifest.xml:29:13-31:85
224                android:name="com.google.firebase.components:com.google.firebase.remoteconfig.FirebaseRemoteConfigKtxRegistrar"
224-->[com.google.firebase:firebase-config:22.0.0] AndroidManifest.xml:30:17-128
225                android:value="com.google.firebase.components.ComponentRegistrar" />
225-->[com.google.firebase:firebase-config:22.0.0] AndroidManifest.xml:31:17-82
226            <meta-data
226-->[com.google.firebase:firebase-config:22.0.0] AndroidManifest.xml:32:13-34:85
227                android:name="com.google.firebase.components:com.google.firebase.remoteconfig.RemoteConfigRegistrar"
227-->[com.google.firebase:firebase-config:22.0.0] AndroidManifest.xml:33:17-117
228                android:value="com.google.firebase.components.ComponentRegistrar" />
228-->[com.google.firebase:firebase-config:22.0.0] AndroidManifest.xml:34:17-82
229            <meta-data
229-->[com.google.android.gms:play-services-measurement-api:22.0.0] AndroidManifest.xml:37:13-39:85
230                android:name="com.google.firebase.components:com.google.firebase.analytics.connector.internal.AnalyticsConnectorRegistrar"
230-->[com.google.android.gms:play-services-measurement-api:22.0.0] AndroidManifest.xml:38:17-139
231                android:value="com.google.firebase.components.ComponentRegistrar" />
231-->[com.google.android.gms:play-services-measurement-api:22.0.0] AndroidManifest.xml:39:17-82
232            <meta-data
232-->[com.google.firebase:firebase-installations:17.2.0] AndroidManifest.xml:15:13-17:85
233                android:name="com.google.firebase.components:com.google.firebase.installations.FirebaseInstallationsKtxRegistrar"
233-->[com.google.firebase:firebase-installations:17.2.0] AndroidManifest.xml:16:17-130
234                android:value="com.google.firebase.components.ComponentRegistrar" />
234-->[com.google.firebase:firebase-installations:17.2.0] AndroidManifest.xml:17:17-82
235            <meta-data
235-->[com.google.firebase:firebase-installations:17.2.0] AndroidManifest.xml:18:13-20:85
236                android:name="com.google.firebase.components:com.google.firebase.installations.FirebaseInstallationsRegistrar"
236-->[com.google.firebase:firebase-installations:17.2.0] AndroidManifest.xml:19:17-127
237                android:value="com.google.firebase.components.ComponentRegistrar" />
237-->[com.google.firebase:firebase-installations:17.2.0] AndroidManifest.xml:20:17-82
238            <meta-data
238-->[com.google.firebase:firebase-common-ktx:21.0.0] AndroidManifest.xml:12:13-14:85
239                android:name="com.google.firebase.components:com.google.firebase.ktx.FirebaseCommonLegacyRegistrar"
239-->[com.google.firebase:firebase-common-ktx:21.0.0] AndroidManifest.xml:13:17-116
240                android:value="com.google.firebase.components.ComponentRegistrar" />
240-->[com.google.firebase:firebase-common-ktx:21.0.0] AndroidManifest.xml:14:17-82
241            <meta-data
241-->[com.google.firebase:firebase-common:21.0.0] AndroidManifest.xml:35:13-37:85
242                android:name="com.google.firebase.components:com.google.firebase.FirebaseCommonKtxRegistrar"